<?xml version="1.0" encoding="UTF-8"?>
<!-- Generated by org.testng.reporters.JUnitReportReporter -->
<testsuite hostname="IPLCEWKS03251" failures="0" tests="3" name="api.tests.UserTests" time="12.400" errors="0" timestamp="2024-05-24T12:19:07 IST" skipped="0">
  <testcase classname="api.tests.UserTests" name="testGetAllUsers" time="11.366"/>
  <system-out/>
  <testcase classname="api.tests.UserTests" name="testGetSingleUser" time="0.222"/>
  <system-out/>
  <testcase classname="api.tests.UserTests" name="testPostCreateUser" time="0.812"/>
  <system-out/>
</testsuite> <!-- api.tests.UserTests -->
