<?xml version="1.0" encoding="UTF-8"?>
<!-- Generated by org.testng.reporters.JUnitReportReporter -->
<testsuite hostname="IPLCEWKS03251" failures="0" tests="3" name="api.tests.UserTests" time="9.428" errors="0" timestamp="2024-05-24T12:15:24 IST" skipped="0">
  <testcase classname="api.tests.UserTests" name="testGetAllUsers" time="8.387"/>
  <system-out/>
  <testcase classname="api.tests.UserTests" name="testGetSingleUser" time="0.251"/>
  <system-out/>
  <testcase classname="api.tests.UserTests" name="testPostCreateUser" time="0.790"/>
  <system-out/>
</testsuite> <!-- api.tests.UserTests -->
